<?xml version="1.0" encoding="UTF-8"?>
<!-- Generated by org.testng.reporters.JUnitReportReporter -->
<testsuite hostname="LAPTOP-SF079DSF" failures="0" tests="1" name="TestRunner.TestNGRunner" time="21.571" errors="0" timestamp="2024-10-05T14:07:20 IST" skipped="0">
  <testcase classname="TestRunner.TestNGRunner" name="runScenario" time="21.571"/>
</testsuite> <!-- TestRunner.TestNGRunner -->
